! ~~~~~~~~~~~~~~~~~~~~~~~~~~~~~~~~~~~~~~~~~~~~~~~~~~~~~~~~~~~~~~~~~~~~~~~~~
! 
! Log File with Human-Readable Information
! 
! Generated by KPP-3.3.0 symbolic chemistry Kinetics PreProcessor
!       (https:/github.com/KineticPreProcessor/KPP
! KPP is distributed under GPL, the general public licence
!       (http://www.gnu.org/copyleft/gpl.html)
! (C) 1995-1997, V. Damian & A. Sandu, CGRER, Univ. Iowa
! (C) 1997-2022, A. Sandu, Michigan Tech, Virginia Tech
!     With important contributions from:
!        M. Damian,   Villanova University, Philadelphia, PA, USA
!        R. Sander,   Max-Planck Institute for Chemistry, Mainz, Germany
!        M. Long,     Renaissance Fiber, LLC, North Carolina, USA
!        H. Lin,      Harvard University, Cambridge, MA, USA
!        R. Yantosca, Harvard University, Cambridge, MA, USA
! 
! File                 : cloudchem.log
! Equation file        : cloudchem.kpp
! Output root filename : cloudchem
! 
! ~~~~~~~~~~~~~~~~~~~~~~~~~~~~~~~~~~~~~~~~~~~~~~~~~~~~~~~~~~~~~~~~~~~~~~~~~



### Options -------------------------------------------

#DECLARE      - OFF
#DOUBLE       - ON
#DRIVER       - none
#DUMMYINDEX   - OFF
#EQNTAGS      - OFF
#FUNCTION     - AGGREGATE
#HESSIAN      - OFF
#INTEGRATOR   - rosenbrock
#JACOBIAN     - SPARSE_LU_ROW
#LANGUAGE     - Fortran90
#MEX          - OFF
#MINVERSION   - 3.2.0
#REORDER      - ON
#STOCHASTIC   - OFF
#STOICMAT     - OFF
#UPPERCASEF90 - ON

### Parameters ----------------------------------------

! NSPEC - Number of chemical species
  INTEGER, PARAMETER :: NSPEC = 35 
! NVAR - Number of Variable species
  INTEGER, PARAMETER :: NVAR = 35 
! NVARACT - Number of Active species
  INTEGER, PARAMETER :: NVARACT = 30 
! NFIX - Number of Fixed species
  INTEGER, PARAMETER :: NFIX = 1 
! NREACT - Number of reactions
  INTEGER, PARAMETER :: NREACT = 51 
! NVARST - Starting of variables in conc. vect.
  INTEGER, PARAMETER :: NVARST = 1 
! NFIXST - Starting of fixed in conc. vect.
  INTEGER, PARAMETER :: NFIXST = 36 

### Species -------------------------------------------

Variable species
   1 = CH3OOH (r)               13 = ISOP (r)                 25 = O3 (r)                 
   2 = ROOH (n)                 14 = ISOP1Nit (r)             26 = NO3 (r)                
   3 = ISOP1OH (n)              15 = HNO4 (r)                 27 = ISOP2O2 (r)            
   4 = ISOP1NitHP (n)           16 = ISOPDHDHP (r)            28 = C4CBYLO2 (r)           
   5 = ISOPTHNit (n)            17 = ISOPDHHPNit (r)          29 = ISOP1O2 (r)            
   6 = INRT (n)                 18 = ISOPTHHP (r)             30 = RO2 (r)                
   7 = H2O2 (r)                 19 = ISOPOOH (r)              31 = NO (r)                 
   8 = CH4 (r)                  20 = C4CBYL (r)               32 = NO2 (r)                
   9 = HNO3 (r)                 21 = CO (r)                   33 = ISOP1NitO2 (r)         
  10 = DHHPEPOX (r)             22 = ISOPDiNit (r)            34 = OH (r)                 
  11 = PAN (r)                  23 = HCHO (r)                 35 = HO2 (r)                
  12 = IEPOX (r)                24 = C4CBYLNit (r)          

Fixed species


### Subroutines ---------------------------------------

SUBROUTINE Fun ( V, F, RCT, Vdot, Aout )
SUBROUTINE Fun_SPLIT ( V, F, RCT, Vdot, P_VAR, D_VAR, Aout )
SUBROUTINE CalcStoichNum ( StoichNum )
SUBROUTINE Jac_SP ( V, F, RCT, JVS )
SUBROUTINE Jac_SP_Vec ( JVS, UV, JUV )
SUBROUTINE JacTR_SP_Vec ( JVS, UV, JTUV )
SUBROUTINE KppSolve ( JVS, X )
SUBROUTINE KppSolveTR ( JVS, X, XX )
SUBROUTINE Initialize ( )
SUBROUTINE Shuffle_user2kpp ( V_USER, V )
SUBROUTINE Shuffle_kpp2user ( V, V_USER )
SUBROUTINE Update_PHOTO ( )
SUBROUTINE GetMass ( CL, Mass )
